New log file opened at Sun Mar 12 12:55:11 MSK 2017 by 74264@Beshenaronerita.lan
Sending msg to client play-fork-run-0c9a1881-0e63-43b8-a5bb-16408398bdbd: DetachedLogEvent(LogMessage(debug,sbt server socket logs are in: /Users/brus/Desktop/computer-database-java/.sbtserver/connections/master.log))
Sending msg to client play-fork-run-0c9a1881-0e63-43b8-a5bb-16408398bdbd: DetachedLogEvent(LogMessage(debug,sbt client logs are in: /Users/brus/Desktop/computer-database-java/.sbtserver/connections/play-fork-run-0c9a1881-0e63-43b8-a5bb-16408398bdbd.log))
Sending msg to client play-fork-run-0c9a1881-0e63-43b8-a5bb-16408398bdbd: DetachedLogEvent(LogMessage(debug,sbt general server logs are in: /Users/brus/Desktop/computer-database-java/.sbtserver/master.log))
Reading next message from client.
Got request: DaemonRequest(true)
Reading next message from client.
Sending msg to client play-fork-run-0c9a1881-0e63-43b8-a5bb-16408398bdbd: (3,ReceivedResponse())
Got request: ListenToEvents()
Reading next message from client.
Sending msg to client play-fork-run-0c9a1881-0e63-43b8-a5bb-16408398bdbd: BackgroundJobStarted(20,BackgroundJobInfo(3,backgroundRun,AttributeKey[sbt.BackgroundJobHandle]("backgroundRun") in Scope(Build: file:/Users/brus/Desktop/computer-database-java/, , Project: ProjectReference(file:/Users/brus/Desktop/computer-database-java/,root), Config: compile)))
Sending msg to client play-fork-run-0c9a1881-0e63-43b8-a5bb-16408398bdbd: BackgroundJobStarted(12,BackgroundJobInfo(2,backgroundRun,AttributeKey[sbt.BackgroundJobHandle]("backgroundRun") in Scope(Build: file:/Users/brus/Desktop/computer-database-java/, , Project: ProjectReference(file:/Users/brus/Desktop/computer-database-java/,root), Config: compile)))
Sending msg to client play-fork-run-0c9a1881-0e63-43b8-a5bb-16408398bdbd: (4,ReceivedResponse())
Got request: KeyLookupRequest(root/playForkConfig)
Reading next message from client.
Sending msg to client play-fork-run-0c9a1881-0e63-43b8-a5bb-16408398bdbd: (5,KeyLookupResponse(root/playForkConfig,Vector(AttributeKey[play.forkrun.protocol.ForkConfig]("playForkConfig") in Scope(Build: file:/Users/brus/Desktop/computer-database-java/, , Project: ProjectReference(file:/Users/brus/Desktop/computer-database-java/,root)))))
Got request: ListenToValue(AttributeKey[play.forkrun.protocol.ForkConfig]("playForkConfig") in Scope(Build: file:/Users/brus/Desktop/computer-database-java/, , Project: ProjectReference(file:/Users/brus/Desktop/computer-database-java/,root)))
Reading next message from client.
Got request: KeyExecutionRequest(AttributeKey[play.forkrun.protocol.ForkConfig]("playForkConfig") in Scope(Build: file:/Users/brus/Desktop/computer-database-java/, , Project: ProjectReference(file:/Users/brus/Desktop/computer-database-java/,root)))
Reading next message from client.
Sending msg to client play-fork-run-0c9a1881-0e63-43b8-a5bb-16408398bdbd: BackgroundJobLogEvent(2,LogMessage(info,Forked Play process did not exit on its own, terminating it))
Sending msg to client play-fork-run-0c9a1881-0e63-43b8-a5bb-16408398bdbd: (6,ReceivedResponse())
Sending msg to client play-fork-run-0c9a1881-0e63-43b8-a5bb-16408398bdbd: (7,ExecutionRequestReceived(21))
Sending msg to client play-fork-run-0c9a1881-0e63-43b8-a5bb-16408398bdbd: BackgroundJobFinished(12,2)
Sending msg to client play-fork-run-0c9a1881-0e63-43b8-a5bb-16408398bdbd: ExecutionWaiting(21,{file:/Users/brus/Desktop/computer-database-java/}root/*:playForkConfig,ClientInfo(0c9a1881-0e63-43b8-a5bb-16408398bdbd,play-fork-run,Play Fork Run,1,Vector()))
Sending msg to client play-fork-run-0c9a1881-0e63-43b8-a5bb-16408398bdbd: DetachedLogEvent(LogTrace(RuntimeException,Received execution starting without a waiting first ExecutionStarting(21)))
Sending msg to client play-fork-run-0c9a1881-0e63-43b8-a5bb-16408398bdbd: DetachedLogEvent(LogMessage(error,Received execution starting without a waiting first ExecutionStarting(21)))
Sending msg to client play-fork-run-0c9a1881-0e63-43b8-a5bb-16408398bdbd: DetachedLogEvent(LogMessage(error,Use 'last' for the full log.))
Sending msg to client play-fork-run-0c9a1881-0e63-43b8-a5bb-16408398bdbd: DetachedLogEvent(LogMessage(debug,> server-post-command-error-handler))
Sending msg to client play-fork-run-0c9a1881-0e63-43b8-a5bb-16408398bdbd: DetachedLogEvent(LogMessage(debug,> server-post-command-cleanup))
Sending msg to client play-fork-run-0c9a1881-0e63-43b8-a5bb-16408398bdbd: DetachedLogEvent(LogMessage(debug,> server-handle-next-server-request))
Sending msg to client play-fork-run-0c9a1881-0e63-43b8-a5bb-16408398bdbd: ExecutionWaiting(22,compile,ClientInfo(4f7d1a1c-8250-4d51-8176-f64c4c093a91,activator,Activator,3,Vector()))
Sending msg to client play-fork-run-0c9a1881-0e63-43b8-a5bb-16408398bdbd: ExecutionStarting(22)
Sending msg to client play-fork-run-0c9a1881-0e63-43b8-a5bb-16408398bdbd: DetachedLogEvent(LogMessage(debug,> compile))
Sending msg to client play-fork-run-0c9a1881-0e63-43b8-a5bb-16408398bdbd: DetachedLogEvent(LogMessage(debug,Evaluating tasks: compile:compile))
Sending msg to client play-fork-run-0c9a1881-0e63-43b8-a5bb-16408398bdbd: DetachedLogEvent(LogMessage(debug,Running task... Cancel: sbt.server.ServerTaskCancellation@24c56de4, check cycles: false))
Sending msg to client play-fork-run-0c9a1881-0e63-43b8-a5bb-16408398bdbd: DetachedLogEvent(LogMessage(debug,cancel strategy start enabled=true lastCommand=Some(LastCommand(CommandExecutionWork(ExecutionId(22),compile,Set(LiveClient(activator 4f7d1a1c-8250-4d51-8176-f64c4c093a91)),sbt.server.WorkCancellationStatus$$anon$1@1728eb35)))))
Sending msg to client play-fork-run-0c9a1881-0e63-43b8-a5bb-16408398bdbd: TaskStarted(22,1975,Some(AttributeKey[sbt.inc.IncOptions]("incOptions") in Scope(Global)))
Sending msg to client play-fork-run-0c9a1881-0e63-43b8-a5bb-16408398bdbd: TaskStarted(22,1980,None)
Sending msg to client play-fork-run-0c9a1881-0e63-43b8-a5bb-16408398bdbd: TaskStarted(22,1986,None)
Sending msg to client play-fork-run-0c9a1881-0e63-43b8-a5bb-16408398bdbd: TaskStarted(22,1987,None)
Sending msg to client play-fork-run-0c9a1881-0e63-43b8-a5bb-16408398bdbd: TaskStarted(22,1989,None)
Sending msg to client play-fork-run-0c9a1881-0e63-43b8-a5bb-16408398bdbd: TaskStarted(22,1996,Some(AttributeKey[java.lang.String]("updateCacheName") in Scope(Build: file:/Users/brus/Desktop/computer-database-java/, , Project: ProjectReference(file:/Users/brus/Desktop/computer-database-java/,root))))
Sending msg to client play-fork-run-0c9a1881-0e63-43b8-a5bb-16408398bdbd: TaskStarted(22,1998,None)
Sending msg to client play-fork-run-0c9a1881-0e63-43b8-a5bb-16408398bdbd: TaskStarted(22,1999,None)
Sending msg to client play-fork-run-0c9a1881-0e63-43b8-a5bb-16408398bdbd: TaskStarted(22,2002,Some(AttributeKey[scala.collection.Seq[sbt.Credentials]]("credentials") in Scope(Global)))
Sending msg to client play-fork-run-0c9a1881-0e63-43b8-a5bb-16408398bdbd: TaskStarted(22,2009,Some(AttributeKey[scala.collection.Seq[sbt.Resolver]]("externalResolvers") in Scope(Build: file:/Users/brus/Desktop/computer-database-java/, , Project: ProjectReference(file:/Users/brus/Desktop/computer-database-java/,root))))
Sending msg to client play-fork-run-0c9a1881-0e63-43b8-a5bb-16408398bdbd: TaskStarted(22,2010,Some(AttributeKey[scala.Option[scala.collection.Seq[sbt.Resolver]]]("bootResolvers") in Scope(Build: file:/Users/brus/Desktop/computer-database-java/, , Project: ProjectReference(file:/Users/brus/Desktop/computer-database-java/,root))))
Sending msg to client play-fork-run-0c9a1881-0e63-43b8-a5bb-16408398bdbd: TaskStarted(22,2015,Some(AttributeKey[boolean]("skip") in Scope(Global)))
Sending msg to client play-fork-run-0c9a1881-0e63-43b8-a5bb-16408398bdbd: TaskStarted(22,2016,None)
Sending msg to client play-fork-run-0c9a1881-0e63-43b8-a5bb-16408398bdbd: TaskStarted(22,2028,Some(AttributeKey[scala.Function1[java.io.File,scala.Function1[java.lang.String,boolean]]]("definesClass") in Scope(Global)))
Sending msg to client play-fork-run-0c9a1881-0e63-43b8-a5bb-16408398bdbd: TaskStarted(22,2029,Some(AttributeKey[java.lang.String]("compileAnalysisFilename") in Scope(Build: file:/Users/brus/Desktop/computer-database-java/, , Project: ProjectReference(file:/Users/brus/Desktop/computer-database-java/,root), Config: compile)))
Sending msg to client play-fork-run-0c9a1881-0e63-43b8-a5bb-16408398bdbd: TaskStarted(22,2033,Some(AttributeKey[scala.collection.Seq[java.io.File]]("unmanagedSources") in Scope(Build: file:/Users/brus/Desktop/computer-database-java/, , Project: ProjectReference(file:/Users/brus/Desktop/computer-database-java/,root), Config: compile)))
Sending msg to client play-fork-run-0c9a1881-0e63-43b8-a5bb-16408398bdbd: TaskStarted(22,2041,Some(AttributeKey[scala.collection.Seq[java.lang.String]]("scalacOptions") in Scope(Global)))
Sending msg to client play-fork-run-0c9a1881-0e63-43b8-a5bb-16408398bdbd: TaskStarted(22,2042,None)
Sending msg to client play-fork-run-0c9a1881-0e63-43b8-a5bb-16408398bdbd: TaskStarted(22,2049,None)
Sending msg to client play-fork-run-0c9a1881-0e63-43b8-a5bb-16408398bdbd: TaskStarted(22,2052,Some(AttributeKey[scala.collection.Seq[java.lang.String]]("javacOptions") in Scope(Global)))
Sending msg to client play-fork-run-0c9a1881-0e63-43b8-a5bb-16408398bdbd: TaskStarted(22,2053,None)
Sending msg to client play-fork-run-0c9a1881-0e63-43b8-a5bb-16408398bdbd: TaskStarted(22,2055,None)
Sending msg to client play-fork-run-0c9a1881-0e63-43b8-a5bb-16408398bdbd: TaskStarted(22,2058,Some(AttributeKey[scala.collection.Seq[scala.Function1[xsbti.Position,scala.Option[xsbti.Position]]]]("sourcePositionMappers") in Scope(Global)))
Sending msg to client play-fork-run-0c9a1881-0e63-43b8-a5bb-16408398bdbd: TaskStarted(22,2064,Some(AttributeKey[sbt.SendEventService]("sendEventService") in Scope(Global)))
Sending msg to client play-fork-run-0c9a1881-0e63-43b8-a5bb-16408398bdbd: TaskFinished(22,1975,Some(AttributeKey[sbt.inc.IncOptions]("incOptions") in Scope(Global)),true,None)
Sending msg to client play-fork-run-0c9a1881-0e63-43b8-a5bb-16408398bdbd: TaskStarted(22,1974,Some(AttributeKey[sbt.inc.IncOptions]("incOptions") in Scope(Build: file:/Users/brus/Desktop/computer-database-java/, , Project: ProjectReference(file:/Users/brus/Desktop/computer-database-java/,root))))
Sending msg to client play-fork-run-0c9a1881-0e63-43b8-a5bb-16408398bdbd: TaskFinished(22,1980,None,true,None)
Sending msg to client play-fork-run-0c9a1881-0e63-43b8-a5bb-16408398bdbd: TaskStarted(22,1979,None)
Sending msg to client play-fork-run-0c9a1881-0e63-43b8-a5bb-16408398bdbd: TaskStarted(22,1984,None)
Sending msg to client play-fork-run-0c9a1881-0e63-43b8-a5bb-16408398bdbd: TaskStarted(22,1995,None)
Sending msg to client play-fork-run-0c9a1881-0e63-43b8-a5bb-16408398bdbd: TaskStarted(22,2003,None)
Sending msg to client play-fork-run-0c9a1881-0e63-43b8-a5bb-16408398bdbd: TaskStarted(22,2008,None)
Sending msg to client play-fork-run-0c9a1881-0e63-43b8-a5bb-16408398bdbd: TaskStarted(22,2011,None)
Sending msg to client play-fork-run-0c9a1881-0e63-43b8-a5bb-16408398bdbd: TaskStarted(22,2021,None)
Sending msg to client play-fork-run-0c9a1881-0e63-43b8-a5bb-16408398bdbd: TaskStarted(22,2024,None)
Sending msg to client play-fork-run-0c9a1881-0e63-43b8-a5bb-16408398bdbd: TaskStarted(22,2025,None)
Sending msg to client play-fork-run-0c9a1881-0e63-43b8-a5bb-16408398bdbd: TaskStarted(22,2026,None)
Sending msg to client play-fork-run-0c9a1881-0e63-43b8-a5bb-16408398bdbd: TaskStarted(22,2030,None)
Sending msg to client play-fork-run-0c9a1881-0e63-43b8-a5bb-16408398bdbd: TaskStarted(22,2038,None)
Sending msg to client play-fork-run-0c9a1881-0e63-43b8-a5bb-16408398bdbd: TaskStarted(22,2047,None)
Sending msg to client play-fork-run-0c9a1881-0e63-43b8-a5bb-16408398bdbd: TaskStarted(22,2050,None)
Sending msg to client play-fork-run-0c9a1881-0e63-43b8-a5bb-16408398bdbd: TaskStarted(22,2063,None)
Sending msg to client play-fork-run-0c9a1881-0e63-43b8-a5bb-16408398bdbd: TaskStarted(22,2066,None)
Sending msg to client play-fork-run-0c9a1881-0e63-43b8-a5bb-16408398bdbd: TaskFinished(22,1986,None,true,None)
Sending msg to client play-fork-run-0c9a1881-0e63-43b8-a5bb-16408398bdbd: TaskFinished(22,1987,None,true,None)
Sending msg to client play-fork-run-0c9a1881-0e63-43b8-a5bb-16408398bdbd: TaskStarted(22,1991,Some(AttributeKey[sbt.BuildStructure]("buildStructure") in Scope(Global)))
Sending msg to client play-fork-run-0c9a1881-0e63-43b8-a5bb-16408398bdbd: TaskStarted(22,1992,Some(AttributeKey[java.io.File]("dependencyCacheDirectory") in Scope(Build: file:/Users/brus/Desktop/computer-database-java/, , Project: ProjectReference(file:/Users/brus/Desktop/computer-database-java/,root))))
Sending msg to client play-fork-run-0c9a1881-0e63-43b8-a5bb-16408398bdbd: TaskStarted(22,2027,Some(AttributeKey[xsbti.compile.GlobalsCache]("compilerCache") in Scope(Global)))
Sending msg to client play-fork-run-0c9a1881-0e63-43b8-a5bb-16408398bdbd: TaskStarted(22,2043,None)
Sending msg to client play-fork-run-0c9a1881-0e63-43b8-a5bb-16408398bdbd: TaskFinished(22,1989,None,true,None)
Sending msg to client play-fork-run-0c9a1881-0e63-43b8-a5bb-16408398bdbd: TaskFinished(22,1996,Some(AttributeKey[java.lang.String]("updateCacheName") in Scope(Build: file:/Users/brus/Desktop/computer-database-java/, , Project: ProjectReference(file:/Users/brus/Desktop/computer-database-java/,root))),true,None)
Sending msg to client play-fork-run-0c9a1881-0e63-43b8-a5bb-16408398bdbd: TaskFinished(22,1998,None,true,None)
Sending msg to client play-fork-run-0c9a1881-0e63-43b8-a5bb-16408398bdbd: TaskFinished(22,1999,None,true,None)
Sending msg to client play-fork-run-0c9a1881-0e63-43b8-a5bb-16408398bdbd: TaskStarted(22,1997,Some(AttributeKey[scala.collection.Seq[sbt.UpdateReport]]("transitiveUpdate") in Scope(Build: file:/Users/brus/Desktop/computer-database-java/, , Project: ProjectReference(file:/Users/brus/Desktop/computer-database-java/,root))))
Sending msg to client play-fork-run-0c9a1881-0e63-43b8-a5bb-16408398bdbd: TaskFinished(22,2002,Some(AttributeKey[scala.collection.Seq[sbt.Credentials]]("credentials") in Scope(Global)),true,None)
Sending msg to client play-fork-run-0c9a1881-0e63-43b8-a5bb-16408398bdbd: TaskFinished(22,2009,Some(AttributeKey[scala.collection.Seq[sbt.Resolver]]("externalResolvers") in Scope(Build: file:/Users/brus/Desktop/computer-database-java/, , Project: ProjectReference(file:/Users/brus/Desktop/computer-database-java/,root))),true,None)
Sending msg to client play-fork-run-0c9a1881-0e63-43b8-a5bb-16408398bdbd: TaskFinished(22,2010,Some(AttributeKey[scala.Option[scala.collection.Seq[sbt.Resolver]]]("bootResolvers") in Scope(Build: file:/Users/brus/Desktop/computer-database-java/, , Project: ProjectReference(file:/Users/brus/Desktop/computer-database-java/,root))),true,None)
Sending msg to client play-fork-run-0c9a1881-0e63-43b8-a5bb-16408398bdbd: TaskFinished(22,2015,Some(AttributeKey[boolean]("skip") in Scope(Global)),true,None)
Sending msg to client play-fork-run-0c9a1881-0e63-43b8-a5bb-16408398bdbd: TaskFinished(22,2016,None,true,None)
Sending msg to client play-fork-run-0c9a1881-0e63-43b8-a5bb-16408398bdbd: TaskFinished(22,2028,Some(AttributeKey[scala.Function1[java.io.File,scala.Function1[java.lang.String,boolean]]]("definesClass") in Scope(Global)),true,None)
Sending msg to client play-fork-run-0c9a1881-0e63-43b8-a5bb-16408398bdbd: TaskFinished(22,2029,Some(AttributeKey[java.lang.String]("compileAnalysisFilename") in Scope(Build: file:/Users/brus/Desktop/computer-database-java/, , Project: ProjectReference(file:/Users/brus/Desktop/computer-database-java/,root), Config: compile)),true,None)
Sending msg to client play-fork-run-0c9a1881-0e63-43b8-a5bb-16408398bdbd: TaskFinished(22,2041,Some(AttributeKey[scala.collection.Seq[java.lang.String]]("scalacOptions") in Scope(Global)),true,None)
Sending msg to client play-fork-run-0c9a1881-0e63-43b8-a5bb-16408398bdbd: TaskFinished(22,2042,None,true,None)
Sending msg to client play-fork-run-0c9a1881-0e63-43b8-a5bb-16408398bdbd: TaskStarted(22,2040,Some(AttributeKey[scala.collection.Seq[java.lang.String]]("scalacOptions") in Scope(Build: file:/Users/brus/Desktop/computer-database-java/, , Project: ProjectReference(file:/Users/brus/Desktop/computer-database-java/,root))))
Sending msg to client play-fork-run-0c9a1881-0e63-43b8-a5bb-16408398bdbd: TaskFinished(22,2049,None,true,None)
Sending msg to client play-fork-run-0c9a1881-0e63-43b8-a5bb-16408398bdbd: TaskFinished(22,2052,Some(AttributeKey[scala.collection.Seq[java.lang.String]]("javacOptions") in Scope(Global)),true,None)
Sending msg to client play-fork-run-0c9a1881-0e63-43b8-a5bb-16408398bdbd: TaskFinished(22,2053,None,true,None)
Sending msg to client play-fork-run-0c9a1881-0e63-43b8-a5bb-16408398bdbd: TaskStarted(22,2051,Some(AttributeKey[scala.collection.Seq[java.lang.String]]("javacOptions") in Scope(Build: file:/Users/brus/Desktop/computer-database-java/, , Project: ProjectReference(file:/Users/brus/Desktop/computer-database-java/,root), Config: compile)))
Sending msg to client play-fork-run-0c9a1881-0e63-43b8-a5bb-16408398bdbd: TaskFinished(22,2055,None,true,None)
Sending msg to client play-fork-run-0c9a1881-0e63-43b8-a5bb-16408398bdbd: TaskFinished(22,2058,Some(AttributeKey[scala.collection.Seq[scala.Function1[xsbti.Position,scala.Option[xsbti.Position]]]]("sourcePositionMappers") in Scope(Global)),true,None)
Sending msg to client play-fork-run-0c9a1881-0e63-43b8-a5bb-16408398bdbd: TaskFinished(22,2033,Some(AttributeKey[scala.collection.Seq[java.io.File]]("unmanagedSources") in Scope(Build: file:/Users/brus/Desktop/computer-database-java/, , Project: ProjectReference(file:/Users/brus/Desktop/computer-database-java/,root), Config: compile)),true,None)
Sending msg to client play-fork-run-0c9a1881-0e63-43b8-a5bb-16408398bdbd: TaskStarted(22,2032,Some(AttributeKey[scala.collection.Seq[java.io.File]]("unmanagedSources") in Scope(Build: file:/Users/brus/Desktop/computer-database-java/, , Project: ProjectReference(file:/Users/brus/Desktop/computer-database-java/,root), Config: compile)))
Sending msg to client play-fork-run-0c9a1881-0e63-43b8-a5bb-16408398bdbd: TaskFinished(22,2064,Some(AttributeKey[sbt.SendEventService]("sendEventService") in Scope(Global)),true,None)
Sending msg to client play-fork-run-0c9a1881-0e63-43b8-a5bb-16408398bdbd: TaskFinished(22,1974,Some(AttributeKey[sbt.inc.IncOptions]("incOptions") in Scope(Build: file:/Users/brus/Desktop/computer-database-java/, , Project: ProjectReference(file:/Users/brus/Desktop/computer-database-java/,root))),true,None)
Sending msg to client play-fork-run-0c9a1881-0e63-43b8-a5bb-16408398bdbd: TaskFinished(22,1979,None,true,None)
Sending msg to client play-fork-run-0c9a1881-0e63-43b8-a5bb-16408398bdbd: TaskFinished(22,1984,None,true,None)
Sending msg to client play-fork-run-0c9a1881-0e63-43b8-a5bb-16408398bdbd: TaskFinished(22,1995,None,true,None)
Sending msg to client play-fork-run-0c9a1881-0e63-43b8-a5bb-16408398bdbd: TaskStarted(22,1994,Some(AttributeKey[scala.collection.immutable.Map[sbt.ModuleID,sbt.SourcePosition]]("dependencyPositions") in Scope(Build: file:/Users/brus/Desktop/computer-database-java/, , Project: ProjectReference(file:/Users/brus/Desktop/computer-database-java/,root))))
Sending msg to client play-fork-run-0c9a1881-0e63-43b8-a5bb-16408398bdbd: TaskFinished(22,2003,None,true,None)
Sending msg to client play-fork-run-0c9a1881-0e63-43b8-a5bb-16408398bdbd: TaskFinished(22,2008,None,true,None)
Sending msg to client play-fork-run-0c9a1881-0e63-43b8-a5bb-16408398bdbd: TaskFinished(22,2011,None,true,None)
Sending msg to client play-fork-run-0c9a1881-0e63-43b8-a5bb-16408398bdbd: TaskFinished(22,2021,None,true,None)
Sending msg to client play-fork-run-0c9a1881-0e63-43b8-a5bb-16408398bdbd: TaskFinished(22,2024,None,true,None)
Sending msg to client play-fork-run-0c9a1881-0e63-43b8-a5bb-16408398bdbd: TaskFinished(22,2025,None,true,None)
Sending msg to client play-fork-run-0c9a1881-0e63-43b8-a5bb-16408398bdbd: TaskFinished(22,2026,None,true,None)
Sending msg to client play-fork-run-0c9a1881-0e63-43b8-a5bb-16408398bdbd: TaskFinished(22,2030,None,true,None)
Sending msg to client play-fork-run-0c9a1881-0e63-43b8-a5bb-16408398bdbd: TaskFinished(22,2038,None,true,None)
Sending msg to client play-fork-run-0c9a1881-0e63-43b8-a5bb-16408398bdbd: TaskFinished(22,2047,None,true,None)
Sending msg to client play-fork-run-0c9a1881-0e63-43b8-a5bb-16408398bdbd: TaskFinished(22,2050,None,true,None)
Sending msg to client play-fork-run-0c9a1881-0e63-43b8-a5bb-16408398bdbd: TaskFinished(22,2063,None,true,None)
Sending msg to client play-fork-run-0c9a1881-0e63-43b8-a5bb-16408398bdbd: TaskFinished(22,2066,None,true,None)
Sending msg to client play-fork-run-0c9a1881-0e63-43b8-a5bb-16408398bdbd: TaskFinished(22,1991,Some(AttributeKey[sbt.BuildStructure]("buildStructure") in Scope(Global)),true,None)
Sending msg to client play-fork-run-0c9a1881-0e63-43b8-a5bb-16408398bdbd: TaskStarted(22,1990,Some(AttributeKey[sbt.Settings[sbt.Scope]]("settingsData") in Scope(Global)))
Sending msg to client play-fork-run-0c9a1881-0e63-43b8-a5bb-16408398bdbd: TaskFinished(22,2027,Some(AttributeKey[xsbti.compile.GlobalsCache]("compilerCache") in Scope(Global)),true,None)
Sending msg to client play-fork-run-0c9a1881-0e63-43b8-a5bb-16408398bdbd: TaskFinished(22,1992,Some(AttributeKey[java.io.File]("dependencyCacheDirectory") in Scope(Build: file:/Users/brus/Desktop/computer-database-java/, , Project: ProjectReference(file:/Users/brus/Desktop/computer-database-java/,root))),true,None)
Sending msg to client play-fork-run-0c9a1881-0e63-43b8-a5bb-16408398bdbd: TaskFinished(22,1997,Some(AttributeKey[scala.collection.Seq[sbt.UpdateReport]]("transitiveUpdate") in Scope(Build: file:/Users/brus/Desktop/computer-database-java/, , Project: ProjectReference(file:/Users/brus/Desktop/computer-database-java/,root))),true,None)
Sending msg to client play-fork-run-0c9a1881-0e63-43b8-a5bb-16408398bdbd: TaskFinished(22,2043,None,true,None)
Sending msg to client play-fork-run-0c9a1881-0e63-43b8-a5bb-16408398bdbd: TaskFinished(22,2040,Some(AttributeKey[scala.collection.Seq[java.lang.String]]("scalacOptions") in Scope(Build: file:/Users/brus/Desktop/computer-database-java/, , Project: ProjectReference(file:/Users/brus/Desktop/computer-database-java/,root))),true,None)
Sending msg to client play-fork-run-0c9a1881-0e63-43b8-a5bb-16408398bdbd: TaskStarted(22,2039,Some(AttributeKey[java.lang.String]("twirlSourceEncoding") in Scope(Build: file:/Users/brus/Desktop/computer-database-java/, , Project: ProjectReference(file:/Users/brus/Desktop/computer-database-java/,root))))
Sending msg to client play-fork-run-0c9a1881-0e63-43b8-a5bb-16408398bdbd: TaskFinished(22,2051,Some(AttributeKey[scala.collection.Seq[java.lang.String]]("javacOptions") in Scope(Build: file:/Users/brus/Desktop/computer-database-java/, , Project: ProjectReference(file:/Users/brus/Desktop/computer-database-java/,root), Config: compile)),true,None)
Sending msg to client play-fork-run-0c9a1881-0e63-43b8-a5bb-16408398bdbd: TaskFinished(22,2032,Some(AttributeKey[scala.collection.Seq[java.io.File]]("unmanagedSources") in Scope(Build: file:/Users/brus/Desktop/computer-database-java/, , Project: ProjectReference(file:/Users/brus/Desktop/computer-database-java/,root), Config: compile)),true,None)
Sending msg to client play-fork-run-0c9a1881-0e63-43b8-a5bb-16408398bdbd: TaskFinished(22,1994,Some(AttributeKey[scala.collection.immutable.Map[sbt.ModuleID,sbt.SourcePosition]]("dependencyPositions") in Scope(Build: file:/Users/brus/Desktop/computer-database-java/, , Project: ProjectReference(file:/Users/brus/Desktop/computer-database-java/,root))),true,None)
Sending msg to client play-fork-run-0c9a1881-0e63-43b8-a5bb-16408398bdbd: TaskStarted(22,1993,Some(AttributeKey[sbt.UnresolvedWarningConfiguration]("unresolvedWarningConfiguration") in Scope(Build: file:/Users/brus/Desktop/computer-database-java/, , Project: ProjectReference(file:/Users/brus/Desktop/computer-database-java/,root), Task: AttributeKey[sbt.UpdateReport]("update"))))
Sending msg to client play-fork-run-0c9a1881-0e63-43b8-a5bb-16408398bdbd: TaskFinished(22,1990,Some(AttributeKey[sbt.Settings[sbt.Scope]]("settingsData") in Scope(Global)),true,None)
Sending msg to client play-fork-run-0c9a1881-0e63-43b8-a5bb-16408398bdbd: TaskStarted(22,1988,None)
Sending msg to client play-fork-run-0c9a1881-0e63-43b8-a5bb-16408398bdbd: TaskStarted(22,2007,Some(AttributeKey[scala.collection.immutable.Map[org.apache.ivy.core.module.id.ModuleRevisionId,org.apache.ivy.core.module.descriptor.ModuleDescriptor]]("projectDescriptors") in Scope(Build: file:/Users/brus/Desktop/computer-database-java/, , Project: ProjectReference(file:/Users/brus/Desktop/computer-database-java/,root))))
Sending msg to client play-fork-run-0c9a1881-0e63-43b8-a5bb-16408398bdbd: TaskStarted(22,2014,Some(AttributeKey[scala.collection.Seq[sbt.ModuleID]]("projectDependencies") in Scope(Build: file:/Users/brus/Desktop/computer-database-java/, , Project: ProjectReference(file:/Users/brus/Desktop/computer-database-java/,root))))
Sending msg to client play-fork-run-0c9a1881-0e63-43b8-a5bb-16408398bdbd: TaskStarted(22,2023,None)
Sending msg to client play-fork-run-0c9a1881-0e63-43b8-a5bb-16408398bdbd: TaskStarted(22,2045,None)
Sending msg to client play-fork-run-0c9a1881-0e63-43b8-a5bb-16408398bdbd: TaskStarted(22,2048,Some(AttributeKey[sbt.ScalaInstance]("scalaInstance") in Scope(Build: file:/Users/brus/Desktop/computer-database-java/, , Project: ProjectReference(file:/Users/brus/Desktop/computer-database-java/,root))))
Sending msg to client play-fork-run-0c9a1881-0e63-43b8-a5bb-16408398bdbd: TaskFinished(22,2039,Some(AttributeKey[java.lang.String]("twirlSourceEncoding") in Scope(Build: file:/Users/brus/Desktop/computer-database-java/, , Project: ProjectReference(file:/Users/brus/Desktop/computer-database-java/,root))),true,None)
Sending msg to client play-fork-run-0c9a1881-0e63-43b8-a5bb-16408398bdbd: TaskStarted(22,2037,None)
Sending msg to client play-fork-run-0c9a1881-0e63-43b8-a5bb-16408398bdbd: TaskStarted(22,2057,None)
Sending msg to client play-fork-run-0c9a1881-0e63-43b8-a5bb-16408398bdbd: TaskFinished(22,1993,Some(AttributeKey[sbt.UnresolvedWarningConfiguration]("unresolvedWarningConfiguration") in Scope(Build: file:/Users/brus/Desktop/computer-database-java/, , Project: ProjectReference(file:/Users/brus/Desktop/computer-database-java/,root), Task: AttributeKey[sbt.UpdateReport]("update"))),true,None)
Sending msg to client play-fork-run-0c9a1881-0e63-43b8-a5bb-16408398bdbd: TaskStarted(22,2067,None)
Sending msg to client play-fork-run-0c9a1881-0e63-43b8-a5bb-16408398bdbd: TaskFinished(22,2014,Some(AttributeKey[scala.collection.Seq[sbt.ModuleID]]("projectDependencies") in Scope(Build: file:/Users/brus/Desktop/computer-database-java/, , Project: ProjectReference(file:/Users/brus/Desktop/computer-database-java/,root))),true,None)
Sending msg to client play-fork-run-0c9a1881-0e63-43b8-a5bb-16408398bdbd: TaskStarted(22,2013,Some(AttributeKey[scala.collection.Seq[sbt.ModuleID]]("allDependencies") in Scope(Build: file:/Users/brus/Desktop/computer-database-java/, , Project: ProjectReference(file:/Users/brus/Desktop/computer-database-java/,root))))
Sending msg to client play-fork-run-0c9a1881-0e63-43b8-a5bb-16408398bdbd: TaskStarted(22,2069,None)
Sending msg to client play-fork-run-0c9a1881-0e63-43b8-a5bb-16408398bdbd: TaskStarted(22,2075,None)
Sending msg to client play-fork-run-0c9a1881-0e63-43b8-a5bb-16408398bdbd: TaskStarted(22,2077,None)
Sending msg to client play-fork-run-0c9a1881-0e63-43b8-a5bb-16408398bdbd: TaskStarted(22,2078,None)
Sending msg to client play-fork-run-0c9a1881-0e63-43b8-a5bb-16408398bdbd: TaskStarted(22,2080,None)
Sending msg to client play-fork-run-0c9a1881-0e63-43b8-a5bb-16408398bdbd: TaskFinished(22,2057,None,true,None)
Sending msg to client play-fork-run-0c9a1881-0e63-43b8-a5bb-16408398bdbd: TaskStarted(22,2056,Some(AttributeKey[scala.collection.Seq[scala.Function1[xsbti.Position,scala.Option[xsbti.Position]]]]("sourcePositionMappers") in Scope(Build: file:/Users/brus/Desktop/computer-database-java/, , Project: ProjectReference(file:/Users/brus/Desktop/computer-database-java/,root))))
Sending msg to client play-fork-run-0c9a1881-0e63-43b8-a5bb-16408398bdbd: TaskFinished(22,2067,None,true,None)
Sending msg to client play-fork-run-0c9a1881-0e63-43b8-a5bb-16408398bdbd: TaskFinished(22,1988,None,true,None)
Sending msg to client play-fork-run-0c9a1881-0e63-43b8-a5bb-16408398bdbd: TaskFinished(22,2013,Some(AttributeKey[scala.collection.Seq[sbt.ModuleID]]("allDependencies") in Scope(Build: file:/Users/brus/Desktop/computer-database-java/, , Project: ProjectReference(file:/Users/brus/Desktop/computer-database-java/,root))),true,None)
Sending msg to client play-fork-run-0c9a1881-0e63-43b8-a5bb-16408398bdbd: TaskStarted(22,2012,Some(AttributeKey[sbt.ModuleSettings]("moduleSettings") in Scope(Build: file:/Users/brus/Desktop/computer-database-java/, , Project: ProjectReference(file:/Users/brus/Desktop/computer-database-java/,root))))
Sending msg to client play-fork-run-0c9a1881-0e63-43b8-a5bb-16408398bdbd: TaskFinished(22,2069,None,true,None)
Sending msg to client play-fork-run-0c9a1881-0e63-43b8-a5bb-16408398bdbd: TaskStarted(22,2068,None)
Sending msg to client play-fork-run-0c9a1881-0e63-43b8-a5bb-16408398bdbd: TaskFinished(22,2075,None,true,None)
Sending msg to client play-fork-run-0c9a1881-0e63-43b8-a5bb-16408398bdbd: TaskStarted(22,2074,None)
Sending msg to client play-fork-run-0c9a1881-0e63-43b8-a5bb-16408398bdbd: TaskFinished(22,2077,None,true,None)
Sending msg to client play-fork-run-0c9a1881-0e63-43b8-a5bb-16408398bdbd: TaskFinished(22,2078,None,true,None)
Sending msg to client play-fork-run-0c9a1881-0e63-43b8-a5bb-16408398bdbd: TaskStarted(22,2076,Some(AttributeKey[scala.collection.Seq[sbt.Attributed[java.io.File]]]("unmanagedJars") in Scope(Build: file:/Users/brus/Desktop/computer-database-java/, , Project: ProjectReference(file:/Users/brus/Desktop/computer-database-java/,root), Config: compile)))
Sending msg to client play-fork-run-0c9a1881-0e63-43b8-a5bb-16408398bdbd: TaskFinished(22,2080,None,true,None)
Sending msg to client play-fork-run-0c9a1881-0e63-43b8-a5bb-16408398bdbd: TaskStarted(22,2079,None)
Sending msg to client play-fork-run-0c9a1881-0e63-43b8-a5bb-16408398bdbd: TaskFinished(22,2037,None,true,None)
Sending msg to client play-fork-run-0c9a1881-0e63-43b8-a5bb-16408398bdbd: TaskStarted(22,2036,Some(AttributeKey[scala.collection.Seq[java.io.File]]("twirlCompileTemplates") in Scope(Build: file:/Users/brus/Desktop/computer-database-java/, , Project: ProjectReference(file:/Users/brus/Desktop/computer-database-java/,root), Config: compile)))
Sending msg to client play-fork-run-0c9a1881-0e63-43b8-a5bb-16408398bdbd: TaskFinished(22,2056,Some(AttributeKey[scala.collection.Seq[scala.Function1[xsbti.Position,scala.Option[xsbti.Position]]]]("sourcePositionMappers") in Scope(Build: file:/Users/brus/Desktop/computer-database-java/, , Project: ProjectReference(file:/Users/brus/Desktop/computer-database-java/,root))),true,None)
Sending msg to client play-fork-run-0c9a1881-0e63-43b8-a5bb-16408398bdbd: TaskStarted(22,2054,Some(AttributeKey[scala.collection.Seq[scala.Function1[xsbti.Position,scala.Option[xsbti.Position]]]]("sourcePositionMappers") in Scope(Build: file:/Users/brus/Desktop/computer-database-java/, , Project: ProjectReference(file:/Users/brus/Desktop/computer-database-java/,root))))
Sending msg to client play-fork-run-0c9a1881-0e63-43b8-a5bb-16408398bdbd: TaskFinished(22,2012,Some(AttributeKey[sbt.ModuleSettings]("moduleSettings") in Scope(Build: file:/Users/brus/Desktop/computer-database-java/, , Project: ProjectReference(file:/Users/brus/Desktop/computer-database-java/,root))),true,None)
Sending msg to client play-fork-run-0c9a1881-0e63-43b8-a5bb-16408398bdbd: TaskFinished(22,2068,None,true,None)
Sending msg to client play-fork-run-0c9a1881-0e63-43b8-a5bb-16408398bdbd: TaskFinished(22,2007,Some(AttributeKey[scala.collection.immutable.Map[org.apache.ivy.core.module.id.ModuleRevisionId,org.apache.ivy.core.module.descriptor.ModuleDescriptor]]("projectDescriptors") in Scope(Build: file:/Users/brus/Desktop/computer-database-java/, , Project: ProjectReference(file:/Users/brus/Desktop/computer-database-java/,root))),true,None)
Sending msg to client play-fork-run-0c9a1881-0e63-43b8-a5bb-16408398bdbd: TaskStarted(22,2006,Some(AttributeKey[sbt.Resolver]("projectResolver") in Scope(Build: file:/Users/brus/Desktop/computer-database-java/, , Project: ProjectReference(file:/Users/brus/Desktop/computer-database-java/,root))))
Sending msg to client play-fork-run-0c9a1881-0e63-43b8-a5bb-16408398bdbd: TaskStarted(22,2081,None)
Sending msg to client play-fork-run-0c9a1881-0e63-43b8-a5bb-16408398bdbd: TaskFinished(22,2079,None,true,None)
Sending msg to client play-fork-run-0c9a1881-0e63-43b8-a5bb-16408398bdbd: TaskFinished(22,2045,None,true,None)
Sending msg to client play-fork-run-0c9a1881-0e63-43b8-a5bb-16408398bdbd: TaskFinished(22,2076,Some(AttributeKey[scala.collection.Seq[sbt.Attributed[java.io.File]]]("unmanagedJars") in Scope(Build: file:/Users/brus/Desktop/computer-database-java/, , Project: ProjectReference(file:/Users/brus/Desktop/computer-database-java/,root), Config: compile)),true,None)
Sending msg to client play-fork-run-0c9a1881-0e63-43b8-a5bb-16408398bdbd: TaskFinished(22,2036,Some(AttributeKey[scala.collection.Seq[java.io.File]]("twirlCompileTemplates") in Scope(Build: file:/Users/brus/Desktop/computer-database-java/, , Project: ProjectReference(file:/Users/brus/Desktop/computer-database-java/,root), Config: compile)),true,None)
Sending msg to client play-fork-run-0c9a1881-0e63-43b8-a5bb-16408398bdbd: TaskStarted(22,2035,None)
Sending msg to client play-fork-run-0c9a1881-0e63-43b8-a5bb-16408398bdbd: TaskFinished(22,2054,Some(AttributeKey[scala.collection.Seq[scala.Function1[xsbti.Position,scala.Option[xsbti.Position]]]]("sourcePositionMappers") in Scope(Build: file:/Users/brus/Desktop/computer-database-java/, , Project: ProjectReference(file:/Users/brus/Desktop/computer-database-java/,root))),true,None)
Sending msg to client play-fork-run-0c9a1881-0e63-43b8-a5bb-16408398bdbd: TaskFinished(22,2006,Some(AttributeKey[sbt.Resolver]("projectResolver") in Scope(Build: file:/Users/brus/Desktop/computer-database-java/, , Project: ProjectReference(file:/Users/brus/Desktop/computer-database-java/,root))),true,None)
Sending msg to client play-fork-run-0c9a1881-0e63-43b8-a5bb-16408398bdbd: TaskStarted(22,2005,Some(AttributeKey[scala.collection.Seq[sbt.Resolver]]("fullResolvers") in Scope(Build: file:/Users/brus/Desktop/computer-database-java/, , Project: ProjectReference(file:/Users/brus/Desktop/computer-database-java/,root))))
Sending msg to client play-fork-run-0c9a1881-0e63-43b8-a5bb-16408398bdbd: TaskFinished(22,2081,None,true,None)
Sending msg to client play-fork-run-0c9a1881-0e63-43b8-a5bb-16408398bdbd: TaskFinished(22,2074,None,true,None)
Sending msg to client play-fork-run-0c9a1881-0e63-43b8-a5bb-16408398bdbd: TaskStarted(22,2073,Some(AttributeKey[scala.collection.Seq[sbt.Attributed[java.io.File]]]("unmanagedJars") in Scope(Build: file:/Users/brus/Desktop/computer-database-java/, , Project: ProjectReference(file:/Users/brus/Desktop/computer-database-java/,root), Config: compile)))
Sending msg to client play-fork-run-0c9a1881-0e63-43b8-a5bb-16408398bdbd: TaskFinished(22,2035,None,true,None)
Sending msg to client play-fork-run-0c9a1881-0e63-43b8-a5bb-16408398bdbd: TaskStarted(22,2034,Some(AttributeKey[scala.collection.Seq[java.io.File]]("managedSources") in Scope(Build: file:/Users/brus/Desktop/computer-database-java/, , Project: ProjectReference(file:/Users/brus/Desktop/computer-database-java/,root), Config: compile)))
Sending msg to client play-fork-run-0c9a1881-0e63-43b8-a5bb-16408398bdbd: TaskFinished(22,2005,Some(AttributeKey[scala.collection.Seq[sbt.Resolver]]("fullResolvers") in Scope(Build: file:/Users/brus/Desktop/computer-database-java/, , Project: ProjectReference(file:/Users/brus/Desktop/computer-database-java/,root))),true,None)
Sending msg to client play-fork-run-0c9a1881-0e63-43b8-a5bb-16408398bdbd: TaskStarted(22,2004,Some(AttributeKey[sbt.IvyConfiguration]("ivyConfiguration") in Scope(Build: file:/Users/brus/Desktop/computer-database-java/, , Project: ProjectReference(file:/Users/brus/Desktop/computer-database-java/,root))))
Sending msg to client play-fork-run-0c9a1881-0e63-43b8-a5bb-16408398bdbd: TaskFinished(22,2073,Some(AttributeKey[scala.collection.Seq[sbt.Attributed[java.io.File]]]("unmanagedJars") in Scope(Build: file:/Users/brus/Desktop/computer-database-java/, , Project: ProjectReference(file:/Users/brus/Desktop/computer-database-java/,root), Config: compile)),true,None)
Sending msg to client play-fork-run-0c9a1881-0e63-43b8-a5bb-16408398bdbd: TaskStarted(22,2072,None)
Sending msg to client play-fork-run-0c9a1881-0e63-43b8-a5bb-16408398bdbd: TaskFinished(22,2034,Some(AttributeKey[scala.collection.Seq[java.io.File]]("managedSources") in Scope(Build: file:/Users/brus/Desktop/computer-database-java/, , Project: ProjectReference(file:/Users/brus/Desktop/computer-database-java/,root), Config: compile)),true,None)
Sending msg to client play-fork-run-0c9a1881-0e63-43b8-a5bb-16408398bdbd: TaskStarted(22,2031,Some(AttributeKey[scala.collection.Seq[java.io.File]]("sources") in Scope(Build: file:/Users/brus/Desktop/computer-database-java/, , Project: ProjectReference(file:/Users/brus/Desktop/computer-database-java/,root), Config: compile)))
Sending msg to client play-fork-run-0c9a1881-0e63-43b8-a5bb-16408398bdbd: TaskFinished(22,2004,Some(AttributeKey[sbt.IvyConfiguration]("ivyConfiguration") in Scope(Build: file:/Users/brus/Desktop/computer-database-java/, , Project: ProjectReference(file:/Users/brus/Desktop/computer-database-java/,root))),true,None)
Sending msg to client play-fork-run-0c9a1881-0e63-43b8-a5bb-16408398bdbd: TaskStarted(22,2001,Some(AttributeKey[sbt.IvySbt]("ivySbt") in Scope(Build: file:/Users/brus/Desktop/computer-database-java/, , Project: ProjectReference(file:/Users/brus/Desktop/computer-database-java/,root))))
Sending msg to client play-fork-run-0c9a1881-0e63-43b8-a5bb-16408398bdbd: TaskFinished(22,2072,None,true,None)
Sending msg to client play-fork-run-0c9a1881-0e63-43b8-a5bb-16408398bdbd: TaskStarted(22,2071,None)
Sending msg to client play-fork-run-0c9a1881-0e63-43b8-a5bb-16408398bdbd: TaskFinished(22,2031,Some(AttributeKey[scala.collection.Seq[java.io.File]]("sources") in Scope(Build: file:/Users/brus/Desktop/computer-database-java/, , Project: ProjectReference(file:/Users/brus/Desktop/computer-database-java/,root), Config: compile)),true,None)
Sending msg to client play-fork-run-0c9a1881-0e63-43b8-a5bb-16408398bdbd: TaskFinished(22,2001,Some(AttributeKey[sbt.IvySbt]("ivySbt") in Scope(Build: file:/Users/brus/Desktop/computer-database-java/, , Project: ProjectReference(file:/Users/brus/Desktop/computer-database-java/,root))),true,None)
Sending msg to client play-fork-run-0c9a1881-0e63-43b8-a5bb-16408398bdbd: TaskStarted(22,2000,Some(AttributeKey[sbt.IvySbt$Module]("ivyModule") in Scope(Build: file:/Users/brus/Desktop/computer-database-java/, , Project: ProjectReference(file:/Users/brus/Desktop/computer-database-java/,root))))
Sending msg to client play-fork-run-0c9a1881-0e63-43b8-a5bb-16408398bdbd: TaskFinished(22,2071,None,true,None)
Sending msg to client play-fork-run-0c9a1881-0e63-43b8-a5bb-16408398bdbd: TaskFinished(22,2023,None,true,None)
Sending msg to client play-fork-run-0c9a1881-0e63-43b8-a5bb-16408398bdbd: TaskStarted(22,2022,Some(AttributeKey[scala.collection.Seq[sbt.Attributed[java.io.File]]]("unmanagedClasspath") in Scope(Build: file:/Users/brus/Desktop/computer-database-java/, , Project: ProjectReference(file:/Users/brus/Desktop/computer-database-java/,root), Config: compile)))
Sending msg to client play-fork-run-0c9a1881-0e63-43b8-a5bb-16408398bdbd: TaskFinished(22,2000,Some(AttributeKey[sbt.IvySbt$Module]("ivyModule") in Scope(Build: file:/Users/brus/Desktop/computer-database-java/, , Project: ProjectReference(file:/Users/brus/Desktop/computer-database-java/,root))),true,None)
Sending msg to client play-fork-run-0c9a1881-0e63-43b8-a5bb-16408398bdbd: TaskStarted(22,1985,Some(AttributeKey[sbt.UpdateReport]("update") in Scope(Build: file:/Users/brus/Desktop/computer-database-java/, , Project: ProjectReference(file:/Users/brus/Desktop/computer-database-java/,root))))
Sending msg to client play-fork-run-0c9a1881-0e63-43b8-a5bb-16408398bdbd: TaskFinished(22,2022,Some(AttributeKey[scala.collection.Seq[sbt.Attributed[java.io.File]]]("unmanagedClasspath") in Scope(Build: file:/Users/brus/Desktop/computer-database-java/, , Project: ProjectReference(file:/Users/brus/Desktop/computer-database-java/,root), Config: compile)),true,None)
Sending msg to client play-fork-run-0c9a1881-0e63-43b8-a5bb-16408398bdbd: TaskFinished(22,1985,Some(AttributeKey[sbt.UpdateReport]("update") in Scope(Build: file:/Users/brus/Desktop/computer-database-java/, , Project: ProjectReference(file:/Users/brus/Desktop/computer-database-java/,root))),true,None)
Sending msg to client play-fork-run-0c9a1881-0e63-43b8-a5bb-16408398bdbd: TaskStarted(22,1983,Some(AttributeKey[sbt.UpdateReport]("update") in Scope(Build: file:/Users/brus/Desktop/computer-database-java/, , Project: ProjectReference(file:/Users/brus/Desktop/computer-database-java/,root))))
Sending msg to client play-fork-run-0c9a1881-0e63-43b8-a5bb-16408398bdbd: TaskFinished(22,1983,Some(AttributeKey[sbt.UpdateReport]("update") in Scope(Build: file:/Users/brus/Desktop/computer-database-java/, , Project: ProjectReference(file:/Users/brus/Desktop/computer-database-java/,root))),true,None)
Sending msg to client play-fork-run-0c9a1881-0e63-43b8-a5bb-16408398bdbd: TaskStarted(22,1982,Some(AttributeKey[sbt.Configuration]("classpathConfiguration") in Scope(Build: file:/Users/brus/Desktop/computer-database-java/, , Project: ProjectReference(file:/Users/brus/Desktop/computer-database-java/,root), Config: compile)))
Sending msg to client play-fork-run-0c9a1881-0e63-43b8-a5bb-16408398bdbd: TaskStarted(22,2044,Some(AttributeKey[scala.collection.Seq[java.lang.String]]("scalacOptions") in Scope(Build: file:/Users/brus/Desktop/computer-database-java/, , Project: ProjectReference(file:/Users/brus/Desktop/computer-database-java/,root), Config: compile)))
Sending msg to client play-fork-run-0c9a1881-0e63-43b8-a5bb-16408398bdbd: TaskStarted(22,2070,None)
Sending msg to client play-fork-run-0c9a1881-0e63-43b8-a5bb-16408398bdbd: TaskFinished(22,1982,Some(AttributeKey[sbt.Configuration]("classpathConfiguration") in Scope(Build: file:/Users/brus/Desktop/computer-database-java/, , Project: ProjectReference(file:/Users/brus/Desktop/computer-database-java/,root), Config: compile)),true,None)
Sending msg to client play-fork-run-0c9a1881-0e63-43b8-a5bb-16408398bdbd: TaskStarted(22,1981,None)
Sending msg to client play-fork-run-0c9a1881-0e63-43b8-a5bb-16408398bdbd: TaskStarted(22,2020,None)
Sending msg to client play-fork-run-0c9a1881-0e63-43b8-a5bb-16408398bdbd: TaskFinished(22,2044,Some(AttributeKey[scala.collection.Seq[java.lang.String]]("scalacOptions") in Scope(Build: file:/Users/brus/Desktop/computer-database-java/, , Project: ProjectReference(file:/Users/brus/Desktop/computer-database-java/,root), Config: compile)),true,None)
Sending msg to client play-fork-run-0c9a1881-0e63-43b8-a5bb-16408398bdbd: TaskFinished(22,2070,None,true,None)
Sending msg to client play-fork-run-0c9a1881-0e63-43b8-a5bb-16408398bdbd: TaskFinished(22,2048,Some(AttributeKey[sbt.ScalaInstance]("scalaInstance") in Scope(Build: file:/Users/brus/Desktop/computer-database-java/, , Project: ProjectReference(file:/Users/brus/Desktop/computer-database-java/,root))),true,None)
Sending msg to client play-fork-run-0c9a1881-0e63-43b8-a5bb-16408398bdbd: TaskStarted(22,2046,Some(AttributeKey[sbt.Compiler$Compilers]("compilers") in Scope(Global)))
Sending msg to client play-fork-run-0c9a1881-0e63-43b8-a5bb-16408398bdbd: TaskFinished(22,2020,None,true,None)
Sending msg to client play-fork-run-0c9a1881-0e63-43b8-a5bb-16408398bdbd: TaskStarted(22,2019,Some(AttributeKey[scala.collection.Seq[sbt.Attributed[java.io.File]]]("managedClasspath") in Scope(Build: file:/Users/brus/Desktop/computer-database-java/, , Project: ProjectReference(file:/Users/brus/Desktop/computer-database-java/,root), Config: compile)))
Sending msg to client play-fork-run-0c9a1881-0e63-43b8-a5bb-16408398bdbd: TaskStarted(22,2084,None)
Sending msg to client play-fork-run-0c9a1881-0e63-43b8-a5bb-16408398bdbd: TaskStarted(22,2085,None)
Sending msg to client play-fork-run-0c9a1881-0e63-43b8-a5bb-16408398bdbd: TaskFinished(22,2019,Some(AttributeKey[scala.collection.Seq[sbt.Attributed[java.io.File]]]("managedClasspath") in Scope(Build: file:/Users/brus/Desktop/computer-database-java/, , Project: ProjectReference(file:/Users/brus/Desktop/computer-database-java/,root), Config: compile)),true,None)
Sending msg to client play-fork-run-0c9a1881-0e63-43b8-a5bb-16408398bdbd: TaskStarted(22,2018,None)
Sending msg to client play-fork-run-0c9a1881-0e63-43b8-a5bb-16408398bdbd: TaskFinished(22,2084,None,true,None)
Sending msg to client play-fork-run-0c9a1881-0e63-43b8-a5bb-16408398bdbd: TaskFinished(22,2085,None,true,None)
Sending msg to client play-fork-run-0c9a1881-0e63-43b8-a5bb-16408398bdbd: TaskStarted(22,2083,None)
Sending msg to client play-fork-run-0c9a1881-0e63-43b8-a5bb-16408398bdbd: TaskFinished(22,2046,Some(AttributeKey[sbt.Compiler$Compilers]("compilers") in Scope(Global)),true,None)
Sending msg to client play-fork-run-0c9a1881-0e63-43b8-a5bb-16408398bdbd: TaskFinished(22,2018,None,true,None)
Sending msg to client play-fork-run-0c9a1881-0e63-43b8-a5bb-16408398bdbd: TaskStarted(22,2017,Some(AttributeKey[scala.collection.Seq[sbt.Attributed[java.io.File]]]("externalDependencyClasspath") in Scope(Build: file:/Users/brus/Desktop/computer-database-java/, , Project: ProjectReference(file:/Users/brus/Desktop/computer-database-java/,root), Config: compile)))
Sending msg to client play-fork-run-0c9a1881-0e63-43b8-a5bb-16408398bdbd: TaskFinished(22,2083,None,true,None)
Sending msg to client play-fork-run-0c9a1881-0e63-43b8-a5bb-16408398bdbd: TaskStarted(22,2082,None)
Sending msg to client play-fork-run-0c9a1881-0e63-43b8-a5bb-16408398bdbd: TaskFinished(22,2017,Some(AttributeKey[scala.collection.Seq[sbt.Attributed[java.io.File]]]("externalDependencyClasspath") in Scope(Build: file:/Users/brus/Desktop/computer-database-java/, , Project: ProjectReference(file:/Users/brus/Desktop/computer-database-java/,root), Config: compile)),true,None)
Sending msg to client play-fork-run-0c9a1881-0e63-43b8-a5bb-16408398bdbd: TaskFinished(22,2082,None,true,None)
Sending msg to client play-fork-run-0c9a1881-0e63-43b8-a5bb-16408398bdbd: TaskFinished(22,1981,None,true,None)
Sending msg to client play-fork-run-0c9a1881-0e63-43b8-a5bb-16408398bdbd: TaskStarted(22,1978,Some(AttributeKey[scala.collection.Seq[sbt.Attributed[java.io.File]]]("internalDependencyClasspath") in Scope(Build: file:/Users/brus/Desktop/computer-database-java/, , Project: ProjectReference(file:/Users/brus/Desktop/computer-database-java/,root), Config: compile)))
Sending msg to client play-fork-run-0c9a1881-0e63-43b8-a5bb-16408398bdbd: TaskFinished(22,1978,Some(AttributeKey[scala.collection.Seq[sbt.Attributed[java.io.File]]]("internalDependencyClasspath") in Scope(Build: file:/Users/brus/Desktop/computer-database-java/, , Project: ProjectReference(file:/Users/brus/Desktop/computer-database-java/,root), Config: compile)),true,None)
Sending msg to client play-fork-run-0c9a1881-0e63-43b8-a5bb-16408398bdbd: TaskStarted(22,1977,None)
Sending msg to client play-fork-run-0c9a1881-0e63-43b8-a5bb-16408398bdbd: TaskFinished(22,1977,None,true,None)
Sending msg to client play-fork-run-0c9a1881-0e63-43b8-a5bb-16408398bdbd: TaskStarted(22,1976,Some(AttributeKey[scala.collection.Seq[sbt.Attributed[java.io.File]]]("dependencyClasspath") in Scope(Build: file:/Users/brus/Desktop/computer-database-java/, , Project: ProjectReference(file:/Users/brus/Desktop/computer-database-java/,root), Config: compile)))
Sending msg to client play-fork-run-0c9a1881-0e63-43b8-a5bb-16408398bdbd: TaskFinished(22,1976,Some(AttributeKey[scala.collection.Seq[sbt.Attributed[java.io.File]]]("dependencyClasspath") in Scope(Build: file:/Users/brus/Desktop/computer-database-java/, , Project: ProjectReference(file:/Users/brus/Desktop/computer-database-java/,root), Config: compile)),true,None)
Sending msg to client play-fork-run-0c9a1881-0e63-43b8-a5bb-16408398bdbd: TaskStarted(22,1973,Some(AttributeKey[sbt.Compiler$IncSetup]("incCompileSetup") in Scope(Build: file:/Users/brus/Desktop/computer-database-java/, , Project: ProjectReference(file:/Users/brus/Desktop/computer-database-java/,root), Config: compile)))
Sending msg to client play-fork-run-0c9a1881-0e63-43b8-a5bb-16408398bdbd: TaskFinished(22,1973,Some(AttributeKey[sbt.Compiler$IncSetup]("incCompileSetup") in Scope(Build: file:/Users/brus/Desktop/computer-database-java/, , Project: ProjectReference(file:/Users/brus/Desktop/computer-database-java/,root), Config: compile)),true,None)
Sending msg to client play-fork-run-0c9a1881-0e63-43b8-a5bb-16408398bdbd: TaskStarted(22,1972,Some(AttributeKey[sbt.Compiler$Inputs]("compileInputs") in Scope(Build: file:/Users/brus/Desktop/computer-database-java/, , Project: ProjectReference(file:/Users/brus/Desktop/computer-database-java/,root), Config: compile, Task: AttributeKey[sbt.inc.Analysis]("compile"))))
Sending msg to client play-fork-run-0c9a1881-0e63-43b8-a5bb-16408398bdbd: TaskStarted(22,2065,Some(AttributeKey[sbt.Compiler$PreviousAnalysis]("readAnalysis") in Scope(Build: file:/Users/brus/Desktop/computer-database-java/, , Project: ProjectReference(file:/Users/brus/Desktop/computer-database-java/,root), Config: compile)))
Sending msg to client play-fork-run-0c9a1881-0e63-43b8-a5bb-16408398bdbd: TaskFinished(22,1972,Some(AttributeKey[sbt.Compiler$Inputs]("compileInputs") in Scope(Build: file:/Users/brus/Desktop/computer-database-java/, , Project: ProjectReference(file:/Users/brus/Desktop/computer-database-java/,root), Config: compile, Task: AttributeKey[sbt.inc.Analysis]("compile"))),true,None)
Sending msg to client play-fork-run-0c9a1881-0e63-43b8-a5bb-16408398bdbd: TaskStarted(22,2062,Some(AttributeKey[scala.Option[xsbti.Reporter]]("compilerReporter") in Scope(Build: file:/Users/brus/Desktop/computer-database-java/, , Project: ProjectReference(file:/Users/brus/Desktop/computer-database-java/,root), Config: compile, Task: AttributeKey[sbt.inc.Analysis]("compile"))))
Sending msg to client play-fork-run-0c9a1881-0e63-43b8-a5bb-16408398bdbd: TaskFinished(22,2065,Some(AttributeKey[sbt.Compiler$PreviousAnalysis]("readAnalysis") in Scope(Build: file:/Users/brus/Desktop/computer-database-java/, , Project: ProjectReference(file:/Users/brus/Desktop/computer-database-java/,root), Config: compile)),true,None)
Sending msg to client play-fork-run-0c9a1881-0e63-43b8-a5bb-16408398bdbd: TaskFinished(22,2062,Some(AttributeKey[scala.Option[xsbti.Reporter]]("compilerReporter") in Scope(Build: file:/Users/brus/Desktop/computer-database-java/, , Project: ProjectReference(file:/Users/brus/Desktop/computer-database-java/,root), Config: compile, Task: AttributeKey[sbt.inc.Analysis]("compile"))),true,None)
Sending msg to client play-fork-run-0c9a1881-0e63-43b8-a5bb-16408398bdbd: TaskStarted(22,2061,Some(AttributeKey[sbt.compiler.IC$Result]("compileIncremental") in Scope(Build: file:/Users/brus/Desktop/computer-database-java/, , Project: ProjectReference(file:/Users/brus/Desktop/computer-database-java/,root), Config: compile)))
Sending msg to client play-fork-run-0c9a1881-0e63-43b8-a5bb-16408398bdbd: TaskLogEvent(2061,LogMessage(debug,
Initial source changes: 
	removed:Set()
	added: Set(/Users/brus/Desktop/computer-database-java/app/models/Guest.java)
	modified: Set()
Removed products: Set()
External API changes: API Changes: Set()
Modified binary dependencies: Set()
Initial directly invalidated sources: Set(/Users/brus/Desktop/computer-database-java/app/models/Guest.java)

Sources indirectly invalidated by:
	product: Set()
	binary dep: Set()
	external source: Set()))
Sending msg to client play-fork-run-0c9a1881-0e63-43b8-a5bb-16408398bdbd: TaskLogEvent(2061,LogMessage(debug,All initially invalidated sources: Set(/Users/brus/Desktop/computer-database-java/app/models/Guest.java)
))
Sending msg to client play-fork-run-0c9a1881-0e63-43b8-a5bb-16408398bdbd: TaskLogEvent(2061,LogMessage(info,Read from stdout: Compiling 1 Java source to /Users/brus/Desktop/computer-database-java/target/scala-2.11/classes...))
Sending msg to client play-fork-run-0c9a1881-0e63-43b8-a5bb-16408398bdbd: TaskLogEvent(2061,LogMessage(info,Compiling 1 Java source to /Users/brus/Desktop/computer-database-java/target/scala-2.11/classes...))
Sending msg to client play-fork-run-0c9a1881-0e63-43b8-a5bb-16408398bdbd: TaskLogEvent(2061,LogMessage(debug,Attempting to call com.sun.tools.javac.api.JavacTool@5d294ad7 directly...))
Sending msg to client play-fork-run-0c9a1881-0e63-43b8-a5bb-16408398bdbd: BackgroundJobLogEvent(3,LogMessage(info,Compiling 1 Java source to /Users/brus/Desktop/computer-database-java/target/scala-2.11/classes...))
Sending msg to client play-fork-run-0c9a1881-0e63-43b8-a5bb-16408398bdbd: TaskLogEvent(2061,LogMessage(debug,Java compilation took 1.942967989 s))
Sending msg to client play-fork-run-0c9a1881-0e63-43b8-a5bb-16408398bdbd: TaskLogEvent(2061,LogMessage(debug,Java analysis took 0.044469044 s))
Sending msg to client play-fork-run-0c9a1881-0e63-43b8-a5bb-16408398bdbd: TaskLogEvent(2061,LogMessage(debug,Java compile + analysis took 2.00422237 s))
Sending msg to client play-fork-run-0c9a1881-0e63-43b8-a5bb-16408398bdbd: TaskLogEvent(2061,LogMessage(debug,Invalidating /Users/brus/Desktop/computer-database-java/app/models/Guest.java...))
Sending msg to client play-fork-run-0c9a1881-0e63-43b8-a5bb-16408398bdbd: TaskLogEvent(2061,LogMessage(debug,Invalidating (transitively) by inheritance from /Users/brus/Desktop/computer-database-java/app/models/Guest.java...))
Sending msg to client play-fork-run-0c9a1881-0e63-43b8-a5bb-16408398bdbd: TaskLogEvent(2061,LogMessage(debug,Initial set of included nodes: Set(/Users/brus/Desktop/computer-database-java/app/models/Guest.java)))
Sending msg to client play-fork-run-0c9a1881-0e63-43b8-a5bb-16408398bdbd: TaskLogEvent(2061,LogMessage(debug,Invalidated by transitive inheritance dependency: Set(/Users/brus/Desktop/computer-database-java/app/models/Guest.java)))
Sending msg to client play-fork-run-0c9a1881-0e63-43b8-a5bb-16408398bdbd: TaskLogEvent(2061,LogMessage(debug,The /Users/brus/Desktop/computer-database-java/app/models/Guest.java source file has the following regular definitions changed:
	notify, wait, equals, notifyAll, <init>, toString, getClass, Guest, hashCode.
All member reference dependencies will be considered within this context.))
Sending msg to client play-fork-run-0c9a1881-0e63-43b8-a5bb-16408398bdbd: TaskLogEvent(2061,LogMessage(debug,Name hashing optimization doesn't apply to non-Scala dependency: /Users/brus/Desktop/computer-database-java/app/models/Guest.java))
Sending msg to client play-fork-run-0c9a1881-0e63-43b8-a5bb-16408398bdbd: TaskLogEvent(2061,LogMessage(debug,New invalidations:
	Set()))
Sending msg to client play-fork-run-0c9a1881-0e63-43b8-a5bb-16408398bdbd: TaskLogEvent(2061,LogMessage(debug,Initial set of included nodes: Set()))
Sending msg to client play-fork-run-0c9a1881-0e63-43b8-a5bb-16408398bdbd: TaskLogEvent(2061,LogMessage(debug,Previously invalidated, but (transitively) depend on new invalidations:
	Set()))
Sending msg to client play-fork-run-0c9a1881-0e63-43b8-a5bb-16408398bdbd: TaskLogEvent(2061,LogMessage(debug,All newly invalidated sources after taking into account (previously) recompiled sources:Set()))
Sending msg to client play-fork-run-0c9a1881-0e63-43b8-a5bb-16408398bdbd: TaskFinished(22,2061,Some(AttributeKey[sbt.compiler.IC$Result]("compileIncremental") in Scope(Build: file:/Users/brus/Desktop/computer-database-java/, , Project: ProjectReference(file:/Users/brus/Desktop/computer-database-java/,root), Config: compile)),true,None)
Sending msg to client play-fork-run-0c9a1881-0e63-43b8-a5bb-16408398bdbd: TaskStarted(22,2060,Some(AttributeKey[sbt.compiler.IC$Result]("manipulateBytecode") in Scope(Build: file:/Users/brus/Desktop/computer-database-java/, , Project: ProjectReference(file:/Users/brus/Desktop/computer-database-java/,root), Config: compile)))
Sending msg to client play-fork-run-0c9a1881-0e63-43b8-a5bb-16408398bdbd: TaskFinished(22,2060,Some(AttributeKey[sbt.compiler.IC$Result]("manipulateBytecode") in Scope(Build: file:/Users/brus/Desktop/computer-database-java/, , Project: ProjectReference(file:/Users/brus/Desktop/computer-database-java/,root), Config: compile)),true,None)
Sending msg to client play-fork-run-0c9a1881-0e63-43b8-a5bb-16408398bdbd: TaskStarted(22,2059,Some(AttributeKey[sbt.inc.Analysis]("compile") in Scope(Build: file:/Users/brus/Desktop/computer-database-java/, , Project: ProjectReference(file:/Users/brus/Desktop/computer-database-java/,root), Config: compile)))
Sending msg to client play-fork-run-0c9a1881-0e63-43b8-a5bb-16408398bdbd: TaskFinished(22,2059,Some(AttributeKey[sbt.inc.Analysis]("compile") in Scope(Build: file:/Users/brus/Desktop/computer-database-java/, , Project: ProjectReference(file:/Users/brus/Desktop/computer-database-java/,root), Config: compile)),true,None)
Sending msg to client play-fork-run-0c9a1881-0e63-43b8-a5bb-16408398bdbd: TaskStarted(22,1971,Some(AttributeKey[sbt.inc.Analysis]("compile") in Scope(Build: file:/Users/brus/Desktop/computer-database-java/, , Project: ProjectReference(file:/Users/brus/Desktop/computer-database-java/,root), Config: compile)))
Sending msg to client play-fork-run-0c9a1881-0e63-43b8-a5bb-16408398bdbd: TaskFinished(22,1971,Some(AttributeKey[sbt.inc.Analysis]("compile") in Scope(Build: file:/Users/brus/Desktop/computer-database-java/, , Project: ProjectReference(file:/Users/brus/Desktop/computer-database-java/,root), Config: compile)),true,None)
Sending msg to client play-fork-run-0c9a1881-0e63-43b8-a5bb-16408398bdbd: TaskStarted(22,1970,None)
Sending msg to client play-fork-run-0c9a1881-0e63-43b8-a5bb-16408398bdbd: TaskStarted(22,2086,Some(AttributeKey[scala.collection.Seq[java.lang.String]]("discoveredMainClasses") in Scope(Build: file:/Users/brus/Desktop/computer-database-java/, , Project: ProjectReference(file:/Users/brus/Desktop/computer-database-java/,root), Config: compile)))
Sending msg to client play-fork-run-0c9a1881-0e63-43b8-a5bb-16408398bdbd: TaskFinished(22,2086,Some(AttributeKey[scala.collection.Seq[java.lang.String]]("discoveredMainClasses") in Scope(Build: file:/Users/brus/Desktop/computer-database-java/, , Project: ProjectReference(file:/Users/brus/Desktop/computer-database-java/,root), Config: compile)),true,None)
Sending msg to client play-fork-run-0c9a1881-0e63-43b8-a5bb-16408398bdbd: TaskFinished(22,1970,None,true,None)
Sending msg to client play-fork-run-0c9a1881-0e63-43b8-a5bb-16408398bdbd: TaskStarted(22,1969,None)
Sending msg to client play-fork-run-0c9a1881-0e63-43b8-a5bb-16408398bdbd: TaskFinished(22,1969,None,true,None)
Sending msg to client play-fork-run-0c9a1881-0e63-43b8-a5bb-16408398bdbd: DetachedLogEvent(LogMessage(debug,cancel strategy finish enabled=false lastCommand=Some(LastCommand(CommandExecutionWork(ExecutionId(22),compile,Set(LiveClient(activator 4f7d1a1c-8250-4d51-8176-f64c4c093a91)),sbt.server.WorkCancellationStatus$$anon$1@1728eb35)))))
Sending msg to client play-fork-run-0c9a1881-0e63-43b8-a5bb-16408398bdbd: DetachedLogEvent(LogSuccess(Total time: 5 s, completed 12.03.2017 12:57:56))
Sending msg to client play-fork-run-0c9a1881-0e63-43b8-a5bb-16408398bdbd: DetachedLogEvent(LogMessage(debug,> server-post-command-cleanup))
Sending msg to client play-fork-run-0c9a1881-0e63-43b8-a5bb-16408398bdbd: ExecutionSuccess(22)
Sending msg to client play-fork-run-0c9a1881-0e63-43b8-a5bb-16408398bdbd: DetachedLogEvent(LogMessage(debug,> server-handle-next-server-request))
Sending msg to client play-fork-run-0c9a1881-0e63-43b8-a5bb-16408398bdbd: ExecutionWaiting(23,jobStop 3,ClientInfo(4f7d1a1c-8250-4d51-8176-f64c4c093a91,activator,Activator,3,Vector()))
Sending msg to client play-fork-run-0c9a1881-0e63-43b8-a5bb-16408398bdbd: ExecutionStarting(23)
Sending msg to client play-fork-run-0c9a1881-0e63-43b8-a5bb-16408398bdbd: DetachedLogEvent(LogMessage(debug,> jobStop 3))
Sending msg to client play-fork-run-0c9a1881-0e63-43b8-a5bb-16408398bdbd: DetachedLogEvent(LogMessage(debug,Evaluating tasks: *:jobStop))
Sending msg to client play-fork-run-0c9a1881-0e63-43b8-a5bb-16408398bdbd: DetachedLogEvent(LogMessage(debug,Running task... Cancel: sbt.server.ServerTaskCancellation@2bfb7273, check cycles: false))
Sending msg to client play-fork-run-0c9a1881-0e63-43b8-a5bb-16408398bdbd: DetachedLogEvent(LogMessage(debug,cancel strategy start enabled=true lastCommand=Some(LastCommand(CommandExecutionWork(ExecutionId(23),jobStop 3,Set(LiveClient(activator 4f7d1a1c-8250-4d51-8176-f64c4c093a91)),sbt.server.WorkCancellationStatus$$anon$1@5d0d770f)))))
Sending msg to client play-fork-run-0c9a1881-0e63-43b8-a5bb-16408398bdbd: TaskStarted(23,2089,Some(AttributeKey[void]("jobStop") in Scope(Global)))
Sending msg to client play-fork-run-0c9a1881-0e63-43b8-a5bb-16408398bdbd: TaskFinished(23,2089,Some(AttributeKey[void]("jobStop") in Scope(Global)),true,None)
Sending msg to client play-fork-run-0c9a1881-0e63-43b8-a5bb-16408398bdbd: TaskStarted(23,2088,None)
Sending msg to client play-fork-run-0c9a1881-0e63-43b8-a5bb-16408398bdbd: TaskFinished(23,2088,None,true,None)
Sending msg to client play-fork-run-0c9a1881-0e63-43b8-a5bb-16408398bdbd: TaskStarted(23,2087,None)
Sending msg to client play-fork-run-0c9a1881-0e63-43b8-a5bb-16408398bdbd: TaskFinished(23,2087,None,true,None)
Sending msg to client play-fork-run-0c9a1881-0e63-43b8-a5bb-16408398bdbd: BackgroundJobLogEvent(3,LogMessage(info,Stopping Play fork run ...))
Sending msg to client play-fork-run-0c9a1881-0e63-43b8-a5bb-16408398bdbd: DetachedLogEvent(LogMessage(debug,cancel strategy finish enabled=false lastCommand=Some(LastCommand(CommandExecutionWork(ExecutionId(23),jobStop 3,Set(LiveClient(activator 4f7d1a1c-8250-4d51-8176-f64c4c093a91)),sbt.server.WorkCancellationStatus$$anon$1@5d0d770f)))))
Sending msg to client play-fork-run-0c9a1881-0e63-43b8-a5bb-16408398bdbd: DetachedLogEvent(LogSuccess(Total time: 0 s, completed 12.03.2017 12:57:56))
Sending msg to client play-fork-run-0c9a1881-0e63-43b8-a5bb-16408398bdbd: DetachedLogEvent(LogMessage(debug,> server-post-command-cleanup))
Got request: UnlistenToEvents()
Reading next message from client.
Sending msg to client play-fork-run-0c9a1881-0e63-43b8-a5bb-16408398bdbd: (8,ReceivedResponse())
Got request: UnlistenToValue(AttributeKey[play.forkrun.protocol.ForkConfig]("playForkConfig") in Scope(Build: file:/Users/brus/Desktop/computer-database-java/, , Project: ProjectReference(file:/Users/brus/Desktop/computer-database-java/,root)))
Reading next message from client.
Client play-fork-run-0c9a1881-0e63-43b8-a5bb-16408398bdbd EOF, shutting down.
Stopping client.
Client play-fork-run-0c9a1881-0e63-43b8-a5bb-16408398bdbd thread exiting.
Dropping message (9,ReceivedResponse()) to dead client play-fork-run-0c9a1881-0e63-43b8-a5bb-16408398bdbd
Dropping message (0,ReceivedResponse()) to dead client play-fork-run-0c9a1881-0e63-43b8-a5bb-16408398bdbd
